<?xml version="1.0" encoding="UTF-8"?>
<testng-results skipped="0" failed="0" ignored="0" total="1" passed="1">
  <reporter-output>
  </reporter-output>
  <suite name="Default suite" duration-ms="15502" started-at="2019-11-29T16:36:25 IST" finished-at="2019-11-29T16:36:41 IST">
    <groups>
    </groups>
    <test name="Default test" duration-ms="15502" started-at="2019-11-29T16:36:25 IST" finished-at="2019-11-29T16:36:41 IST">
      <class name="com.learn.DockerDemo.ChromeTest">
        <test-method status="PASS" signature="setup()[pri:0, instance:com.learn.DockerDemo.ChromeTest@5a8806ef]" name="setup" is-config="true" duration-ms="6843" started-at="2019-11-29T16:36:26 IST" finished-at="2019-11-29T16:36:32 IST">
          <reporter-output>
          </reporter-output>
        </test-method> <!-- setup -->
        <test-method status="PASS" signature="VerifyTitle()[pri:0, instance:com.learn.DockerDemo.ChromeTest@5a8806ef]" name="VerifyTitle" duration-ms="7850" started-at="2019-11-29T16:36:32 IST" finished-at="2019-11-29T16:36:40 IST">
          <reporter-output>
          </reporter-output>
        </test-method> <!-- VerifyTitle -->
        <test-method status="PASS" signature="teardown()[pri:0, instance:com.learn.DockerDemo.ChromeTest@5a8806ef]" name="teardown" is-config="true" duration-ms="723" started-at="2019-11-29T16:36:40 IST" finished-at="2019-11-29T16:36:41 IST">
          <reporter-output>
          </reporter-output>
        </test-method> <!-- teardown -->
      </class> <!-- com.learn.DockerDemo.ChromeTest -->
    </test> <!-- Default test -->
  </suite> <!-- Default suite -->
</testng-results>
